<?xml version="1.0" encoding="UTF-8"?>
<testng-results ignored="0" total="1" passed="1" failed="0" skipped="0">
  <reporter-output>
  </reporter-output>
  <suite started-at="2022-04-11T15:13:09Z" name="runner.TestRunner" finished-at="2022-04-11T15:13:24Z" duration-ms="14661">
    <groups>
      <group name="cucumber">
        <method signature="AbstractTestNGCucumberTests.runScenario(io.cucumber.testng.PickleWrapper, io.cucumber.testng.FeatureWrapper)[pri:0, instance:runner.TestRunner@8b87145]" name="runScenario" class="io.cucumber.testng.AbstractTestNGCucumberTests"/>
      </group> <!-- cucumber -->
    </groups>
    <test started-at="2022-04-11T15:13:09Z" name="Command line test" finished-at="2022-04-11T15:13:24Z" duration-ms="14661">
      <class name="runner.TestRunner">
        <test-method is-config="true" signature="setUpClass()[pri:0, instance:runner.TestRunner@8b87145]" started-at="2022-04-11T20:13:09Z" name="setUpClass" finished-at="2022-04-11T20:13:09Z" duration-ms="304" status="PASS">
          <reporter-output>
          </reporter-output>
        </test-method> <!-- setUpClass -->
        <test-method signature="runScenario(io.cucumber.testng.PickleWrapper, io.cucumber.testng.FeatureWrapper)[pri:0, instance:runner.TestRunner@8b87145]" started-at="2022-04-11T20:13:09Z" name="runScenario" description="Runs Cucumber Scenarios" data-provider="scenarios" finished-at="2022-04-11T20:13:24Z" duration-ms="14239" status="PASS">
          <params>
            <param index="0">
              <value>
                <![CDATA["Validate Custom View"]]>
              </value>
            </param>
            <param index="1">
              <value>
                <![CDATA["Optional[Validate Different Options]"]]>
              </value>
            </param>
          </params>
          <reporter-output>
          </reporter-output>
        </test-method> <!-- runScenario -->
        <test-method is-config="true" signature="tearDownClass()[pri:0, instance:runner.TestRunner@8b87145]" started-at="2022-04-11T20:13:24Z" name="tearDownClass" finished-at="2022-04-11T20:13:24Z" duration-ms="103" status="PASS">
          <reporter-output>
          </reporter-output>
        </test-method> <!-- tearDownClass -->
      </class> <!-- runner.TestRunner -->
    </test> <!-- Command line test -->
  </suite> <!-- runner.TestRunner -->
</testng-results>
